# JRE version: OpenJDK Runtime Environment (8.0_242-b01) (build 1.8.0_242-release-1644-b01)
# Java VM: OpenJDK 64-Bit Server VM (25.242-b01 mixed mode windows-amd64 compressed oops)
Heap:
 PSYoungGen      total 581120K, used 231427K [0x00000000d5580000, 0x00000000ff980000, 0x0000000100000000)
  eden space 478208K, 46% used [0x00000000d5580000,0x00000000e2e78de0,0x00000000f2880000)
  from space 102912K, 8% used [0x00000000f9500000,0x00000000f9e08000,0x00000000ff980000)
  to   space 107008K, 0% used [0x00000000f2880000,0x00000000f2880000,0x00000000f9100000)
 ParOldGen       total 198656K, used 78006K [0x0000000080000000, 0x000000008c200000, 0x00000000d5580000)
  object space 198656K, 39% used [0x0000000080000000,0x0000000084c2d9a0,0x000000008c200000)
 Metaspace       used 128394K, capacity 138088K, committed 140440K, reserved 1171456K
  class space    used 16088K, capacity 17656K, committed 18096K, reserved 1048576K
GC Heap History (10 events):
Event: 23205.939 GC heap before
{Heap before GC invocations=67 (full 9):
 PSYoungGen      total 525824K, used 525657K [0x00000000d5580000, 0x00000000ff980000, 0x0000000100000000)
  eden space 467968K, 100% used [0x00000000d5580000,0x00000000f1e80000,0x00000000f1e80000)
  from space 57856K, 99% used [0x00000000f1e80000,0x00000000f56d6678,0x00000000f5700000)
  to   space 112128K, 0% used [0x00000000f8c00000,0x00000000f8c00000,0x00000000ff980000)
 ParOldGen       total 198656K, used 77982K [0x0000000080000000, 0x000000008c200000, 0x00000000d5580000)
  object space 198656K, 39% used [0x0000000080000000,0x0000000084c279a0,0x000000008c200000)
 Metaspace       used 127937K, capacity 137642K, committed 140440K, reserved 1171456K
  class space    used 16082K, capacity 17647K, committed 18096K, reserved 1048576K
Event: 23205.951 GC heap after
Heap after GC invocations=67 (full 9):
 PSYoungGen      total 582144K, used 16888K [0x00000000d5580000, 0x0000000100000000, 0x0000000100000000)
  eden space 470016K, 0% used [0x00000000d5580000,0x00000000d5580000,0x00000000f2080000)
  from space 112128K, 15% used [0x00000000f8c00000,0x00000000f9c7e308,0x00000000ff980000)
  to   space 110080K, 0% used [0x00000000f2080000,0x00000000f2080000,0x00000000f8c00000)
 ParOldGen       total 198656K, used 77990K [0x0000000080000000, 0x000000008c200000, 0x00000000d5580000)
  object space 198656K, 39% used [0x0000000080000000,0x0000000084c299a0,0x000000008c200000)
 Metaspace       used 127937K, capacity 137642K, committed 140440K, reserved 1171456K
  class space    used 16082K, capacity 17647K, committed 18096K, reserved 1048576K
}
Event: 23234.412 GC heap before
{Heap before GC invocations=68 (full 9):
 PSYoungGen      total 582144K, used 486899K [0x00000000d5580000, 0x0000000100000000, 0x0000000100000000)
  eden space 470016K, 99% used [0x00000000d5580000,0x00000000f207ea70,0x00000000f2080000)
  from space 112128K, 15% used [0x00000000f8c00000,0x00000000f9c7e308,0x00000000ff980000)
  to   space 110080K, 0% used [0x00000000f2080000,0x00000000f2080000,0x00000000f8c00000)
 ParOldGen       total 198656K, used 77990K [0x0000000080000000, 0x000000008c200000, 0x00000000d5580000)
  object space 198656K, 39% used [0x0000000080000000,0x0000000084c299a0,0x000000008c200000)
 Metaspace       used 127963K, capacity 137648K, committed 140440K, reserved 1171456K
  class space    used 16083K, capacity 17648K, committed 18096K, reserved 1048576K
Event: 23234.425 GC heap after
Heap after GC invocations=68 (full 9):
 PSYoungGen      total 580096K, used 16589K [0x00000000d5580000, 0x00000000ff800000, 0x0000000100000000)
  eden space 470016K, 0% used [0x00000000d5580000,0x00000000d5580000,0x00000000f2080000)
  from space 110080K, 15% used [0x00000000f2080000,0x00000000f30b3598,0x00000000f8c00000)
  to   space 107008K, 0% used [0x00000000f8f80000,0x00000000f8f80000,0x00000000ff800000)
 ParOldGen       total 198656K, used 77998K [0x0000000080000000, 0x000000008c200000, 0x00000000d5580000)
  object space 198656K, 39% used [0x0000000080000000,0x0000000084c2b9a0,0x000000008c200000)
 Metaspace       used 127963K, capacity 137648K, committed 140440K, reserved 1171456K
  class space    used 16083K, capacity 17648K, committed 18096K, reserved 1048576K
}
Event: 23498.852 GC heap before
{Heap before GC invocations=69 (full 9):
 PSYoungGen      total 580096K, used 486605K [0x00000000d5580000, 0x00000000ff800000, 0x0000000100000000)
  eden space 470016K, 100% used [0x00000000d5580000,0x00000000f2080000,0x00000000f2080000)
  from space 110080K, 15% used [0x00000000f2080000,0x00000000f30b3598,0x00000000f8c00000)
  to   space 107008K, 0% used [0x00000000f8f80000,0x00000000f8f80000,0x00000000ff800000)
 ParOldGen       total 198656K, used 77998K [0x0000000080000000, 0x000000008c200000, 0x00000000d5580000)
  object space 198656K, 39% used [0x0000000080000000,0x0000000084c2b9a0,0x000000008c200000)
 Metaspace       used 128006K, capacity 137734K, committed 140440K, reserved 1171456K
  class space    used 16085K, capacity 17651K, committed 18096K, reserved 1048576K
Event: 23499.032 GC heap after
Heap after GC invocations=69 (full 9):
 PSYoungGen      total 579584K, used 67856K [0x00000000d5580000, 0x0000000100000000, 0x0000000100000000)
  eden space 472576K, 0% used [0x00000000d5580000,0x00000000d5580000,0x00000000f2300000)
  from space 107008K, 63% used [0x00000000f8f80000,0x00000000fd1c42b8,0x00000000ff800000)
  to   space 111104K, 0% used [0x00000000f2300000,0x00000000f2300000,0x00000000f8f80000)
 ParOldGen       total 198656K, used 77998K [0x0000000080000000, 0x000000008c200000, 0x00000000d5580000)
  object space 198656K, 39% used [0x0000000080000000,0x0000000084c2b9a0,0x000000008c200000)
 Metaspace       used 128006K, capacity 137734K, committed 140440K, reserved 1171456K
  class space    used 16085K, capacity 17651K, committed 18096K, reserved 1048576K
}
Event: 23611.579 GC heap before
{Heap before GC invocations=70 (full 9):
 PSYoungGen      total 579584K, used 540432K [0x00000000d5580000, 0x0000000100000000, 0x0000000100000000)
  eden space 472576K, 100% used [0x00000000d5580000,0x00000000f2300000,0x00000000f2300000)
  from space 107008K, 63% used [0x00000000f8f80000,0x00000000fd1c42b8,0x00000000ff800000)
  to   space 111104K, 0% used [0x00000000f2300000,0x00000000f2300000,0x00000000f8f80000)
 ParOldGen       total 198656K, used 77998K [0x0000000080000000, 0x000000008c200000, 0x00000000d5580000)
  object space 198656K, 39% used [0x0000000080000000,0x0000000084c2b9a0,0x000000008c200000)
 Metaspace       used 128068K, capacity 137750K, committed 140440K, reserved 1171456K
  class space    used 16086K, capacity 17653K, committed 18096K, reserved 1048576K
Event: 23611.591 GC heap after
Heap after GC invocations=70 (full 9):
 PSYoungGen      total 583680K, used 10104K [0x00000000d5580000, 0x0000000100000000, 0x0000000100000000)
  eden space 472576K, 0% used [0x00000000d5580000,0x00000000d5580000,0x00000000f2300000)
  from space 111104K, 9% used [0x00000000f2300000,0x00000000f2cde330,0x00000000f8f80000)
  to   space 109568K, 0% used [0x00000000f9500000,0x00000000f9500000,0x0000000100000000)
 ParOldGen       total 198656K, used 77998K [0x0000000080000000, 0x000000008c200000, 0x00000000d5580000)
  object space 198656K, 39% used [0x0000000080000000,0x0000000084c2b9a0,0x000000008c200000)
 Metaspace       used 128068K, capacity 137750K, committed 140440K, reserved 1171456K
  class space    used 16086K, capacity 17653K, committed 18096K, reserved 1048576K
}
Event: 23639.494 GC heap before
{Heap before GC invocations=71 (full 9):
 PSYoungGen      total 583680K, used 482680K [0x00000000d5580000, 0x0000000100000000, 0x0000000100000000)
  eden space 472576K, 100% used [0x00000000d5580000,0x00000000f2300000,0x00000000f2300000)
  from space 111104K, 9% used [0x00000000f2300000,0x00000000f2cde330,0x00000000f8f80000)
  to   space 109568K, 0% used [0x00000000f9500000,0x00000000f9500000,0x0000000100000000)
 ParOldGen       total 198656K, used 77998K [0x0000000080000000, 0x000000008c200000, 0x00000000d5580000)
  object space 198656K, 39% used [0x0000000080000000,0x0000000084c2b9a0,0x000000008c200000)
 Metaspace       used 128282K, capacity 137960K, committed 140440K, reserved 1171456K
  class space    used 16087K, capacity 17656K, committed 18096K, reserved 1048576K
Event: 23639.505 GC heap after
Heap after GC invocations=71 (full 9):
 PSYoungGen      total 581120K, used 9248K [0x00000000d5580000, 0x00000000ff980000, 0x0000000100000000)
  eden space 478208K, 0% used [0x00000000d5580000,0x00000000d5580000,0x00000000f2880000)
  from space 102912K, 8% used [0x00000000f9500000,0x00000000f9e08000,0x00000000ff980000)
  to   space 107008K, 0% used [0x00000000f2880000,0x00000000f2880000,0x00000000f9100000)
 ParOldGen       total 198656K, used 78006K [0x0000000080000000, 0x000000008c200000, 0x00000000d5580000)
  object space 198656K, 39% used [0x0000000080000000,0x0000000084c2d9a0,0x000000008c200000)
 Metaspace       used 128282K, capacity 137960K, committed 140440K, reserved 1171456K
  class space    used 16087K, capacity 17656K, committed 18096K, reserved 1048576K
}

