# JRE version: OpenJDK Runtime Environment (8.0_242-b01) (build 1.8.0_242-release-1644-b01)
# Java VM: OpenJDK 64-Bit Server VM (25.242-b01 mixed mode windows-amd64 compressed oops)
Heap:
 PSYoungGen      total 84480K, used 58240K [0x00000000d5c00000, 0x00000000dd800000, 0x0000000100000000)
  eden space 68608K, 63% used [0x00000000d5c00000,0x00000000d86c0470,0x00000000d9f00000)
  from space 15872K, 91% used [0x00000000d9f00000,0x00000000dad1fc20,0x00000000dae80000)
  to   space 17408K, 0% used [0x00000000dc700000,0x00000000dc700000,0x00000000dd800000)
 ParOldGen       total 113664K, used 16879K [0x0000000081400000, 0x0000000088300000, 0x00000000d5c00000)
  object space 113664K, 14% used [0x0000000081400000,0x000000008247bd68,0x0000000088300000)
 Metaspace       used 42330K, capacity 42984K, committed 43312K, reserved 1087488K
  class space    used 5153K, capacity 5317K, committed 5424K, reserved 1048576K
GC Heap History (10 events):
Event: 2.917 GC heap before
{Heap before GC invocations=5 (full 1):
 PSYoungGen      total 38400K, used 33280K [0x00000000d5c00000, 0x00000000da700000, 0x0000000100000000)
  eden space 33280K, 100% used [0x00000000d5c00000,0x00000000d7c80000,0x00000000d7c80000)
  from space 5120K, 0% used [0x00000000d7c80000,0x00000000d7c80000,0x00000000d8180000)
  to   space 5120K, 0% used [0x00000000da200000,0x00000000da200000,0x00000000da700000)
 ParOldGen       total 67072K, used 9210K [0x0000000081400000, 0x0000000085580000, 0x00000000d5c00000)
  object space 67072K, 13% used [0x0000000081400000,0x0000000081cfea08,0x0000000085580000)
 Metaspace       used 24330K, capacity 24778K, committed 24880K, reserved 1071104K
  class space    used 2920K, capacity 3057K, committed 3120K, reserved 1048576K
Event: 2.924 GC heap after
Heap after GC invocations=5 (full 1):
 PSYoungGen      total 52736K, used 5110K [0x00000000d5c00000, 0x00000000da700000, 0x0000000100000000)
  eden space 47616K, 0% used [0x00000000d5c00000,0x00000000d5c00000,0x00000000d8a80000)
  from space 5120K, 99% used [0x00000000da200000,0x00000000da6fdb80,0x00000000da700000)
  to   space 5120K, 0% used [0x00000000d9d00000,0x00000000d9d00000,0x00000000da200000)
 ParOldGen       total 67072K, used 11471K [0x0000000081400000, 0x0000000085580000, 0x00000000d5c00000)
  object space 67072K, 17% used [0x0000000081400000,0x0000000081f33cd0,0x0000000085580000)
 Metaspace       used 24330K, capacity 24778K, committed 24880K, reserved 1071104K
  class space    used 2920K, capacity 3057K, committed 3120K, reserved 1048576K
}
Event: 3.953 GC heap before
{Heap before GC invocations=6 (full 1):
 PSYoungGen      total 52736K, used 52726K [0x00000000d5c00000, 0x00000000da700000, 0x0000000100000000)
  eden space 47616K, 100% used [0x00000000d5c00000,0x00000000d8a80000,0x00000000d8a80000)
  from space 5120K, 99% used [0x00000000da200000,0x00000000da6fdb80,0x00000000da700000)
  to   space 5120K, 0% used [0x00000000d9d00000,0x00000000d9d00000,0x00000000da200000)
 ParOldGen       total 67072K, used 11471K [0x0000000081400000, 0x0000000085580000, 0x00000000d5c00000)
  object space 67072K, 17% used [0x0000000081400000,0x0000000081f33cd0,0x0000000085580000)
 Metaspace       used 32313K, capacity 32784K, committed 32944K, reserved 1077248K
  class space    used 4101K, capacity 4247K, committed 4272K, reserved 1048576K
Event: 3.969 GC heap after
Heap after GC invocations=6 (full 1):
 PSYoungGen      total 71680K, used 5114K [0x00000000d5c00000, 0x00000000dbe80000, 0x0000000100000000)
  eden space 66560K, 0% used [0x00000000d5c00000,0x00000000d5c00000,0x00000000d9d00000)
  from space 5120K, 99% used [0x00000000d9d00000,0x00000000da1feb20,0x00000000da200000)
  to   space 16384K, 0% used [0x00000000dae80000,0x00000000dae80000,0x00000000dbe80000)
 ParOldGen       total 67072K, used 23305K [0x0000000081400000, 0x0000000085580000, 0x00000000d5c00000)
  object space 67072K, 34% used [0x0000000081400000,0x0000000082ac25c8,0x0000000085580000)
 Metaspace       used 32313K, capacity 32784K, committed 32944K, reserved 1077248K
  class space    used 4101K, capacity 4247K, committed 4272K, reserved 1048576K
}
Event: 4.366 GC heap before
{Heap before GC invocations=7 (full 1):
 PSYoungGen      total 71680K, used 14517K [0x00000000d5c00000, 0x00000000dbe80000, 0x0000000100000000)
  eden space 66560K, 14% used [0x00000000d5c00000,0x00000000d652eb58,0x00000000d9d00000)
  from space 5120K, 99% used [0x00000000d9d00000,0x00000000da1feb20,0x00000000da200000)
  to   space 16384K, 0% used [0x00000000dae80000,0x00000000dae80000,0x00000000dbe80000)
 ParOldGen       total 67072K, used 23305K [0x0000000081400000, 0x0000000085580000, 0x00000000d5c00000)
  object space 67072K, 34% used [0x0000000081400000,0x0000000082ac25c8,0x0000000085580000)
 Metaspace       used 34750K, capacity 35194K, committed 35496K, reserved 1081344K
  class space    used 4413K, capacity 4550K, committed 4656K, reserved 1048576K
Event: 4.375 GC heap after
Heap after GC invocations=7 (full 1):
 PSYoungGen      total 84992K, used 7743K [0x00000000d5c00000, 0x00000000dd980000, 0x0000000100000000)
  eden space 68608K, 0% used [0x00000000d5c00000,0x00000000d5c00000,0x00000000d9f00000)
  from space 16384K, 47% used [0x00000000dae80000,0x00000000db60fe80,0x00000000dbe80000)
  to   space 15872K, 0% used [0x00000000d9f00000,0x00000000d9f00000,0x00000000dae80000)
 ParOldGen       total 67072K, used 23313K [0x0000000081400000, 0x0000000085580000, 0x00000000d5c00000)
  object space 67072K, 34% used [0x0000000081400000,0x0000000082ac45c8,0x0000000085580000)
 Metaspace       used 34750K, capacity 35194K, committed 35496K, reserved 1081344K
  class space    used 4413K, capacity 4550K, committed 4656K, reserved 1048576K
}
Event: 4.375 GC heap before
{Heap before GC invocations=8 (full 2):
 PSYoungGen      total 84992K, used 7743K [0x00000000d5c00000, 0x00000000dd980000, 0x0000000100000000)
  eden space 68608K, 0% used [0x00000000d5c00000,0x00000000d5c00000,0x00000000d9f00000)
  from space 16384K, 47% used [0x00000000dae80000,0x00000000db60fe80,0x00000000dbe80000)
  to   space 15872K, 0% used [0x00000000d9f00000,0x00000000d9f00000,0x00000000dae80000)
 ParOldGen       total 67072K, used 23313K [0x0000000081400000, 0x0000000085580000, 0x00000000d5c00000)
  object space 67072K, 34% used [0x0000000081400000,0x0000000082ac45c8,0x0000000085580000)
 Metaspace       used 34750K, capacity 35194K, committed 35496K, reserved 1081344K
  class space    used 4413K, capacity 4550K, committed 4656K, reserved 1048576K
Event: 4.451 GC heap after
Heap after GC invocations=8 (full 2):
 PSYoungGen      total 84992K, used 0K [0x00000000d5c00000, 0x00000000dd980000, 0x0000000100000000)
  eden space 68608K, 0% used [0x00000000d5c00000,0x00000000d5c00000,0x00000000d9f00000)
  from space 16384K, 0% used [0x00000000dae80000,0x00000000dae80000,0x00000000dbe80000)
  to   space 15872K, 0% used [0x00000000d9f00000,0x00000000d9f00000,0x00000000dae80000)
 ParOldGen       total 113664K, used 16871K [0x0000000081400000, 0x0000000088300000, 0x00000000d5c00000)
  object space 113664K, 14% used [0x0000000081400000,0x0000000082479d68,0x0000000088300000)
 Metaspace       used 34750K, capacity 35194K, committed 35496K, reserved 1081344K
  class space    used 4413K, capacity 4550K, committed 4656K, reserved 1048576K
}
Event: 6.151 GC heap before
{Heap before GC invocations=9 (full 2):
 PSYoungGen      total 84992K, used 68608K [0x00000000d5c00000, 0x00000000dd980000, 0x0000000100000000)
  eden space 68608K, 100% used [0x00000000d5c00000,0x00000000d9f00000,0x00000000d9f00000)
  from space 16384K, 0% used [0x00000000dae80000,0x00000000dae80000,0x00000000dbe80000)
  to   space 15872K, 0% used [0x00000000d9f00000,0x00000000d9f00000,0x00000000dae80000)
 ParOldGen       total 113664K, used 16871K [0x0000000081400000, 0x0000000088300000, 0x00000000d5c00000)
  object space 113664K, 14% used [0x0000000081400000,0x0000000082479d68,0x0000000088300000)
 Metaspace       used 40612K, capacity 41278K, committed 41648K, reserved 1085440K
  class space    used 5084K, capacity 5244K, committed 5296K, reserved 1048576K
Event: 6.164 GC heap after
Heap after GC invocations=9 (full 2):
 PSYoungGen      total 84480K, used 14463K [0x00000000d5c00000, 0x00000000dd800000, 0x0000000100000000)
  eden space 68608K, 0% used [0x00000000d5c00000,0x00000000d5c00000,0x00000000d9f00000)
  from space 15872K, 91% used [0x00000000d9f00000,0x00000000dad1fc20,0x00000000dae80000)
  to   space 17408K, 0% used [0x00000000dc700000,0x00000000dc700000,0x00000000dd800000)
 ParOldGen       total 113664K, used 16879K [0x0000000081400000, 0x0000000088300000, 0x00000000d5c00000)
  object space 113664K, 14% used [0x0000000081400000,0x000000008247bd68,0x0000000088300000)
 Metaspace       used 40612K, capacity 41278K, committed 41648K, reserved 1085440K
  class space    used 5084K, capacity 5244K, committed 5296K, reserved 1048576K
}

